2022-04-28 17:24:30,429 [http-nio-8181-exec-1] INFO  api-log                                            - [GET] - Retrieve information about all students 
2022-04-28 17:26:08,415 [http-nio-8181-exec-5] INFO  api-log                                            - [GET] - Retrieve information about all courses 
2022-04-28 17:26:45,913 [http-nio-8181-exec-6] INFO  api-log                                            - [GET] - Retrieve information about all exams 
2022-04-28 17:28:22,373 [http-nio-8181-exec-9] INFO  api-log                                            - [POST] - Creating new student Nome Cognome 
2022-04-28 17:29:37,751 [http-nio-8181-exec-2] INFO  api-log                                            - [GET] - Retrieve information about all students 
2022-04-28 17:30:17,546 [http-nio-8181-exec-2] INFO  api-log                                            - [GET] - Retrieve information about all students 
2022-04-28 17:31:20,906 [http-nio-8181-exec-2] INFO  api-log                                            - [GET] - Retrieve information about all students 
2022-04-28 17:33:18,773 [http-nio-8181-exec-5] INFO  api-log                                            - [POST] - Saving new course Reti di calcolatori 
2022-04-28 17:34:08,241 [http-nio-8181-exec-6] INFO  api-log                                            - [POST] - Saving new exam of student 1 
2022-04-28 17:34:22,750 [http-nio-8181-exec-7] INFO  api-log                                            - [POST] - Saving new exam of student 2 
2022-04-28 17:34:30,708 [http-nio-8181-exec-8] INFO  api-log                                            - [GET] - Retrieve information about all exams 
2022-04-28 17:36:21,717 [http-nio-8181-exec-1] INFO  api-log                                            - [GET] - Retrieve information about course 1 
2022-04-28 17:36:35,733 [http-nio-8181-exec-2] INFO  api-log                                            - [GET] - Retrieve information about course 4 
2022-04-28 17:36:39,746 [http-nio-8181-exec-3] INFO  api-log                                            - [GET] - Retrieve information about course 5 
2022-04-28 17:36:45,846 [http-nio-8181-exec-5] INFO  api-log                                            - [GET] - Retrieve information about course 4 
2022-04-28 19:06:16,195 [http-nio-8181-exec-1] INFO  api-log                                            - [GET] - Retrieve information about all exams 
2022-04-28 19:07:47,970 [http-nio-8181-exec-1] INFO  api-log                                            - [GET] - Retrieve information about all exams 
2022-04-28 19:08:58,598 [http-nio-8181-exec-4] INFO  api-log                                            - [GET] - Retrieve information about exams of student 1 
2022-04-28 19:10:50,131 [http-nio-8181-exec-7] INFO  api-log                                            - [POST] - Saving new course Calcio 
2022-04-28 19:15:01,782 [http-nio-8181-exec-2] INFO  api-log                                            - [DELETE] - Delete course with id 5 
2022-04-28 19:17:25,405 [http-nio-8181-exec-5] INFO  api-log                                            - [PUT] - Update student with id 1 
